Start testing: Jul 01 17:33 CST
----------------------------------------------------------
1/1 Testing: StorageTest
1/1 Test: StorageTest
Command: "/home/devuser/MiniKV/buildtest/test_storage"
Directory: /home/devuser/MiniKV/buildtest
"StorageTest" start time: Jul 01 17:33 CST
Output:
----------------------------------------------------------
Running suite(s): Storage
100%: Checks: 1, Failures: 0, Errors: 0
<end of output>
Test time =   0.00 sec
----------------------------------------------------------
Test Passed.
"StorageTest" end time: Jul 01 17:33 CST
"StorageTest" time elapsed: 00:00:00
----------------------------------------------------------

End testing: Jul 01 17:33 CST
